<?xml version="1.0" encoding="UTF-8"?>
<!-- Generated by org.testng.reporters.JUnitReportReporter -->
<testsuite skipped="0" hostname="DESKTOP-ET2UMTF" name="com.qt.bdd.Runner.TestRunner" tests="1" failures="0" timestamp="10 Jun 2023 15:55:46 GMT" time="135.971" errors="0">
  <testcase name="scenario" time="135.971" classname="com.qt.bdd.Runner.TestRunner"/>
</testsuite> <!-- com.qt.bdd.Runner.TestRunner -->
