<?xml version="1.0" encoding="UTF-8"?>
<!-- Generated by org.testng.reporters.JUnitReportReporter -->
<testsuite hostname="DESKTOP-ET2UMTF" failures="0" tests="1" name="com.qt.bdd.Runner.TestRunner" time="150.774" errors="0" timestamp="08 Jun 2023 06:47:16 GMT" skipped="0">
  <testcase classname="com.qt.bdd.Runner.TestRunner" name="scenario" time="150.774"/>
</testsuite> <!-- com.qt.bdd.Runner.TestRunner -->
