<?xml version="1.0" encoding="UTF-8"?>
<!-- Generated by org.testng.reporters.JUnitReportReporter -->
<testsuite hostname="DESKTOP-ET2UMTF" failures="0" tests="2" name="com.qt.bdd.Runner.TestRunner" time="387.855" errors="0" timestamp="06 Jun 2023 09:44:31 GMT" skipped="0">
  <testcase classname="com.qt.bdd.Runner.TestRunner" name="scenario" time="200.685"/>
  <testcase classname="com.qt.bdd.Runner.TestRunner" name="scenario" time="187.170"/>
</testsuite> <!-- com.qt.bdd.Runner.TestRunner -->
