<?xml version="1.0" encoding="UTF-8"?>
<!-- Generated by org.testng.reporters.JUnitReportReporter -->
<testsuite hostname="DESKTOP-ET2UMTF" failures="0" tests="1" name="com.qt.bdd.Runner.TestRunner" time="60.763" errors="0" timestamp="06 Jun 2023 17:50:29 GMT" skipped="0">
  <testcase classname="com.qt.bdd.Runner.TestRunner" name="scenario" time="60.763"/>
</testsuite> <!-- com.qt.bdd.Runner.TestRunner -->
